{"name": "test_main_navigation[chromium]", "status": "failed", "statusDetails": {"message": "AssertionError: Locator expected to have text 'Login failed! Please ensure the username and password are valid.'\nActual value: None \nCall log:\nLocatorAssertions.to_have_text with timeout 5000ms\nwaiting for locator(\".lead text-danger\")", "trace": "page = <Page url='https://katalon-demo-cura.herokuapp.com/profile.php#login'>\n\n    def test_main_navigation(page: Page):\n        # Assertions use the expect API.\n        page.locator(\"#btn-make-appointment\").click()\n        page.get_by_label(\"Username\").click()\n        page.get_by_label(\"Password\").click()\n        page.get_by_role(\"button\", name=\"Login\").click()\n>       expect(page.locator(\".lead text-danger\")).to_have_text(\"Login failed! Please ensure the username and password are valid.\")\nE       AssertionError: Locator expected to have text 'Login failed! Please ensure the username and password are valid.'\nE       Actual value: None \nE       Call log:\nE       LocatorAssertions.to_have_text with timeout 5000ms\nE       waiting for locator(\".lead text-danger\")\n\ntest_01_katalonstudio.py:19: AssertionError"}, "attachments": [{"name": "stdout", "source": "f7eb5823-d7b1-46f4-95eb-8b09930d92b4-attachment.txt", "type": "text/plain"}], "parameters": [{"name": "browser_name", "value": "'chromium'"}], "start": 1693986030335, "stop": 1693986036636, "uuid": "90e8180a-bf7b-4cbd-b7dd-50e4fb1edf8f", "historyId": "bb8c30b32d94f0a7ea05623d7c3c7312", "testCaseId": "dbad4eee0f568e362864af19c7f7a9e2", "fullName": "code.actions02.test_01_katalonstudio#test_main_navigation", "labels": [{"name": "parentSuite", "value": "code.actions02"}, {"name": "suite", "value": "test_01_katalonstudio"}, {"name": "host", "value": "MBP-C02DRR20MD6M"}, {"name": "thread", "value": "66743-MainThread"}, {"name": "framework", "value": "pytest"}, {"name": "language", "value": "cpython3"}, {"name": "package", "value": "code.actions02.test_01_katalonstudio"}]}